ARM GAS  C:\Users\lauri\AppData\Local\Temp\cc4XJagg.s 			page 1


   1              		.syntax unified
   2              		.cpu cortex-m3
   3              		.fpu softvfp
   4              		.eabi_attribute 20, 1
   5              		.eabi_attribute 21, 1
   6              		.eabi_attribute 23, 3
   7              		.eabi_attribute 24, 1
   8              		.eabi_attribute 25, 1
   9              		.eabi_attribute 26, 1
  10              		.eabi_attribute 30, 1
  11              		.eabi_attribute 34, 1
  12              		.eabi_attribute 18, 4
  13              		.thumb
  14              		.file	"main.c"
  15              		.text
  16              	.Ltext0:
  17              		.cfi_sections	.debug_frame
  18              		.global	__aeabi_fadd
  19              		.global	__aeabi_f2uiz
  20              		.section	.text.main,"ax",%progbits
  21              		.align	2
  22              		.global	main
  23              		.thumb
  24              		.thumb_func
  25              		.type	main, %function
  26              	main:
  27              	.LFB63:
  28              		.file 1 "main.c"
   1:main.c        **** /* ========================================
   2:main.c        ****  *
   3:main.c        ****  * Copyright YOUR COMPANY, THE YEAR
   4:main.c        ****  * All Rights Reserved
   5:main.c        ****  * UNPUBLISHED, LICENSED SOFTWARE.
   6:main.c        ****  *
   7:main.c        ****  * CONFIDENTIAL AND PROPRIETARY INFORMATION
   8:main.c        ****  * WHICH IS THE PROPERTY OF your company.
   9:main.c        ****  *
  10:main.c        ****  * ========================================
  11:main.c        **** */
  12:main.c        **** #include "project.h"
  13:main.c        **** 
  14:main.c        **** // Kan kun sende unit16, så for at modtage kommatal skal vi have shiftet dem eller ganget op.
  15:main.c        **** 
  16:main.c        **** int main()
  17:main.c        **** {
  29              		.loc 1 17 0
  30              		.cfi_startproc
  31              		@ args = 0, pretend = 0, frame = 0
  32              		@ frame_needed = 0, uses_anonymous_args = 0
  33 0000 38B5     		push	{r3, r4, r5, lr}
  34              		.cfi_def_cfa_offset 16
  35              		.cfi_offset 3, -16
  36              		.cfi_offset 4, -12
  37              		.cfi_offset 5, -8
  38              		.cfi_offset 14, -4
  39              	.LVL0:
  18:main.c        ****     float TxCmd = 0, RxCmd = 0;       
ARM GAS  C:\Users\lauri\AppData\Local\Temp\cc4XJagg.s 			page 2


  19:main.c        ****     CyGlobalIntEnable;          
  40              		.loc 1 19 0
  41              	@ 19 "main.c" 1
  42 0002 62B6     		CPSIE   i
  43              	@ 0 "" 2
  20:main.c        ****     
  21:main.c        ****     /* Place your initialization/startup code here (e.g. MyInst_Start()) */     
  22:main.c        ****     SPIM_1_Start();
  44              		.loc 1 22 0
  45              		.thumb
  46 0004 FFF7FEFF 		bl	SPIM_1_Start
  47              	.LVL1:
  23:main.c        ****  
  24:main.c        ****     TxCmd=0;
  48              		.loc 1 24 0
  49 0008 0024     		movs	r4, #0
  50              	.LVL2:
  51              	.L3:
  25:main.c        ****     for (;;)     
  26:main.c        ****     {       
  27:main.c        ****     // SPI Write         
  28:main.c        ****     SPIM_1_WriteTxData(TxCmd++);    
  52              		.loc 1 28 0
  53 000a 2046     		mov	r0, r4
  54 000c 4FF07E51 		mov	r1, #1065353216
  55 0010 FFF7FEFF 		bl	__aeabi_fadd
  56              	.LVL3:
  57 0014 0546     		mov	r5, r0
  58              	.LVL4:
  59 0016 2046     		mov	r0, r4
  60              	.LVL5:
  61 0018 FFF7FEFF 		bl	__aeabi_f2uiz
  62              	.LVL6:
  63 001c 80B2     		uxth	r0, r0
  64 001e FFF7FEFF 		bl	SPIM_1_WriteTxData
  65              	.LVL7:
  66              	.L2:
  29:main.c        ****     
  30:main.c        ****     // Wait for SPI to complete       
  31:main.c        ****     while(0 == (SPIM_1_ReadTxStatus() & SPIM_1_STS_SPI_DONE))       
  67              		.loc 1 31 0 discriminator 1
  68 0022 FFF7FEFF 		bl	SPIM_1_ReadTxStatus
  69              	.LVL8:
  70 0026 10F0010F 		tst	r0, #1
  71 002a FAD0     		beq	.L2
  32:main.c        ****     {         
  33:main.c        ****         /* Wait while Master completes transaction -> Polling for SPI_DONE flag! */       
  34:main.c        ****     } 
  35:main.c        **** 
  36:main.c        ****     // SPI Read.       
  37:main.c        ****     RxCmd = SPIM_1_ReadRxData();             // Process RxCmd...............
  72              		.loc 1 37 0
  73 002c FFF7FEFF 		bl	SPIM_1_ReadRxData
  74              	.LVL9:
  38:main.c        ****     
  39:main.c        ****     LED_Write(RxCmd);                 // Debug -> Toggle LED!            
  75              		.loc 1 39 0
ARM GAS  C:\Users\lauri\AppData\Local\Temp\cc4XJagg.s 			page 3


  76 0030 C0B2     		uxtb	r0, r0
  77              	.LVL10:
  78 0032 FFF7FEFF 		bl	LED_Write
  79              	.LVL11:
  40:main.c        ****     CyDelay(1000); 
  80              		.loc 1 40 0
  81 0036 4FF47A70 		mov	r0, #1000
  82 003a FFF7FEFF 		bl	CyDelay
  83              	.LVL12:
  41:main.c        ****     
  42:main.c        ****     SPIM_1_ClearFIFO();
  84              		.loc 1 42 0
  85 003e FFF7FEFF 		bl	SPIM_1_ClearFIFO
  86              	.LVL13:
  43:main.c        ****     SPIM_1_ClearTxBuffer();
  87              		.loc 1 43 0
  88 0042 FFF7FEFF 		bl	SPIM_1_ClearTxBuffer
  89              	.LVL14:
  44:main.c        ****     SPIM_1_ClearRxBuffer();
  90              		.loc 1 44 0
  91 0046 FFF7FEFF 		bl	SPIM_1_ClearRxBuffer
  92              	.LVL15:
  28:main.c        ****     
  93              		.loc 1 28 0
  94 004a 2C46     		mov	r4, r5
  45:main.c        ****     }     
  95              		.loc 1 45 0
  96 004c DDE7     		b	.L3
  97              		.cfi_endproc
  98              	.LFE63:
  99              		.size	main, .-main
 100 004e 00BF     		.text
 101              	.Letext0:
 102              		.file 2 "c:\\program files (x86)\\cypress\\psoc creator\\4.0\\psoc creator\\import\\gnu\\arm\\4.9.
 103              		.file 3 "c:\\program files (x86)\\cypress\\psoc creator\\4.0\\psoc creator\\import\\gnu\\arm\\4.9.
 104              		.file 4 "Generated_Source\\PSoC5/cytypes.h"
 105              		.file 5 "Generated_Source\\PSoC5/SPIM_1.h"
 106              		.file 6 "Generated_Source\\PSoC5/LED.h"
 107              		.file 7 "Generated_Source\\PSoC5/CyLib.h"
 108              		.file 8 "Generated_Source\\PSoC5/core_cm3.h"
 109              		.section	.debug_info,"",%progbits
 110              	.Ldebug_info0:
 111 0000 C9010000 		.4byte	0x1c9
 112 0004 0400     		.2byte	0x4
 113 0006 00000000 		.4byte	.Ldebug_abbrev0
 114 000a 04       		.byte	0x4
 115 000b 01       		.uleb128 0x1
 116 000c BC000000 		.4byte	.LASF29
 117 0010 01       		.byte	0x1
 118 0011 92010000 		.4byte	.LASF30
 119 0015 CF010000 		.4byte	.LASF31
 120 0019 00000000 		.4byte	.Ldebug_ranges0+0
 121 001d 00000000 		.4byte	0
 122 0021 00000000 		.4byte	.Ldebug_line0
 123 0025 02       		.uleb128 0x2
 124 0026 04       		.byte	0x4
 125 0027 04       		.byte	0x4
ARM GAS  C:\Users\lauri\AppData\Local\Temp\cc4XJagg.s 			page 4


 126 0028 35000000 		.4byte	.LASF0
 127 002c 02       		.uleb128 0x2
 128 002d 02       		.byte	0x2
 129 002e 07       		.byte	0x7
 130 002f 5B000000 		.4byte	.LASF1
 131 0033 02       		.uleb128 0x2
 132 0034 01       		.byte	0x1
 133 0035 06       		.byte	0x6
 134 0036 1B020000 		.4byte	.LASF2
 135 003a 02       		.uleb128 0x2
 136 003b 01       		.byte	0x1
 137 003c 08       		.byte	0x8
 138 003d 3B000000 		.4byte	.LASF3
 139 0041 02       		.uleb128 0x2
 140 0042 02       		.byte	0x2
 141 0043 05       		.byte	0x5
 142 0044 B0010000 		.4byte	.LASF4
 143 0048 03       		.uleb128 0x3
 144 0049 17000000 		.4byte	.LASF10
 145 004d 02       		.byte	0x2
 146 004e 3F       		.byte	0x3f
 147 004f 53000000 		.4byte	0x53
 148 0053 02       		.uleb128 0x2
 149 0054 04       		.byte	0x4
 150 0055 05       		.byte	0x5
 151 0056 0C020000 		.4byte	.LASF5
 152 005a 02       		.uleb128 0x2
 153 005b 04       		.byte	0x4
 154 005c 07       		.byte	0x7
 155 005d 49000000 		.4byte	.LASF6
 156 0061 02       		.uleb128 0x2
 157 0062 08       		.byte	0x8
 158 0063 05       		.byte	0x5
 159 0064 84010000 		.4byte	.LASF7
 160 0068 02       		.uleb128 0x2
 161 0069 08       		.byte	0x8
 162 006a 07       		.byte	0x7
 163 006b 57010000 		.4byte	.LASF8
 164 006f 04       		.uleb128 0x4
 165 0070 04       		.byte	0x4
 166 0071 05       		.byte	0x5
 167 0072 696E7400 		.ascii	"int\000"
 168 0076 02       		.uleb128 0x2
 169 0077 04       		.byte	0x4
 170 0078 07       		.byte	0x7
 171 0079 4A010000 		.4byte	.LASF9
 172 007d 03       		.uleb128 0x3
 173 007e 73010000 		.4byte	.LASF11
 174 0082 03       		.byte	0x3
 175 0083 2C       		.byte	0x2c
 176 0084 48000000 		.4byte	0x48
 177 0088 05       		.uleb128 0x5
 178 0089 06020000 		.4byte	.LASF12
 179 008d 04       		.byte	0x4
 180 008e 9201     		.2byte	0x192
 181 0090 3A000000 		.4byte	0x3a
 182 0094 05       		.uleb128 0x5
ARM GAS  C:\Users\lauri\AppData\Local\Temp\cc4XJagg.s 			page 5


 183 0095 AE000000 		.4byte	.LASF13
 184 0099 04       		.byte	0x4
 185 009a 9301     		.2byte	0x193
 186 009c 2C000000 		.4byte	0x2c
 187 00a0 05       		.uleb128 0x5
 188 00a1 B5000000 		.4byte	.LASF14
 189 00a5 04       		.byte	0x4
 190 00a6 9401     		.2byte	0x194
 191 00a8 5A000000 		.4byte	0x5a
 192 00ac 02       		.uleb128 0x2
 193 00ad 08       		.byte	0x8
 194 00ae 04       		.byte	0x4
 195 00af 96000000 		.4byte	.LASF15
 196 00b3 02       		.uleb128 0x2
 197 00b4 01       		.byte	0x1
 198 00b5 08       		.byte	0x8
 199 00b6 99010000 		.4byte	.LASF16
 200 00ba 02       		.uleb128 0x2
 201 00bb 04       		.byte	0x4
 202 00bc 07       		.byte	0x7
 203 00bd 7B010000 		.4byte	.LASF17
 204 00c1 06       		.uleb128 0x6
 205 00c2 6E010000 		.4byte	.LASF32
 206 00c6 01       		.byte	0x1
 207 00c7 10       		.byte	0x10
 208 00c8 6F000000 		.4byte	0x6f
 209 00cc 00000000 		.4byte	.LFB63
 210 00d0 4E000000 		.4byte	.LFE63-.LFB63
 211 00d4 01       		.uleb128 0x1
 212 00d5 9C       		.byte	0x9c
 213 00d6 56010000 		.4byte	0x156
 214 00da 07       		.uleb128 0x7
 215 00db 6E000000 		.4byte	.LASF18
 216 00df 01       		.byte	0x1
 217 00e0 12       		.byte	0x12
 218 00e1 25000000 		.4byte	0x25
 219 00e5 00000000 		.4byte	.LLST0
 220 00e9 07       		.uleb128 0x7
 221 00ea 15020000 		.4byte	.LASF19
 222 00ee 01       		.byte	0x1
 223 00ef 12       		.byte	0x12
 224 00f0 25000000 		.4byte	0x25
 225 00f4 39000000 		.4byte	.LLST1
 226 00f8 08       		.uleb128 0x8
 227 00f9 08000000 		.4byte	.LVL1
 228 00fd 67010000 		.4byte	0x167
 229 0101 08       		.uleb128 0x8
 230 0102 22000000 		.4byte	.LVL7
 231 0106 6E010000 		.4byte	0x16e
 232 010a 08       		.uleb128 0x8
 233 010b 26000000 		.4byte	.LVL8
 234 010f 7F010000 		.4byte	0x17f
 235 0113 08       		.uleb128 0x8
 236 0114 30000000 		.4byte	.LVL9
 237 0118 8A010000 		.4byte	0x18a
 238 011c 08       		.uleb128 0x8
 239 011d 36000000 		.4byte	.LVL11
ARM GAS  C:\Users\lauri\AppData\Local\Temp\cc4XJagg.s 			page 6


 240 0121 95010000 		.4byte	0x195
 241 0125 09       		.uleb128 0x9
 242 0126 3E000000 		.4byte	.LVL12
 243 012a A6010000 		.4byte	0x1a6
 244 012e 3A010000 		.4byte	0x13a
 245 0132 0A       		.uleb128 0xa
 246 0133 01       		.uleb128 0x1
 247 0134 50       		.byte	0x50
 248 0135 03       		.uleb128 0x3
 249 0136 0A       		.byte	0xa
 250 0137 E803     		.2byte	0x3e8
 251 0139 00       		.byte	0
 252 013a 08       		.uleb128 0x8
 253 013b 42000000 		.4byte	.LVL13
 254 013f B7010000 		.4byte	0x1b7
 255 0143 08       		.uleb128 0x8
 256 0144 46000000 		.4byte	.LVL14
 257 0148 BE010000 		.4byte	0x1be
 258 014c 08       		.uleb128 0x8
 259 014d 4A000000 		.4byte	.LVL15
 260 0151 C5010000 		.4byte	0x1c5
 261 0155 00       		.byte	0
 262 0156 0B       		.uleb128 0xb
 263 0157 74000000 		.4byte	.LASF33
 264 015b 08       		.byte	0x8
 265 015c 9606     		.2byte	0x696
 266 015e 62010000 		.4byte	0x162
 267 0162 0C       		.uleb128 0xc
 268 0163 7D000000 		.4byte	0x7d
 269 0167 0D       		.uleb128 0xd
 270 0168 0A000000 		.4byte	.LASF25
 271 016c 05       		.byte	0x5
 272 016d 53       		.byte	0x53
 273 016e 0E       		.uleb128 0xe
 274 016f 27020000 		.4byte	.LASF22
 275 0173 05       		.byte	0x5
 276 0174 64       		.byte	0x64
 277 0175 7F010000 		.4byte	0x17f
 278 0179 0F       		.uleb128 0xf
 279 017a 94000000 		.4byte	0x94
 280 017e 00       		.byte	0
 281 017f 10       		.uleb128 0x10
 282 0180 21000000 		.4byte	.LASF20
 283 0184 05       		.byte	0x5
 284 0185 62       		.byte	0x62
 285 0186 88000000 		.4byte	0x88
 286 018a 10       		.uleb128 0x10
 287 018b 9E010000 		.4byte	.LASF21
 288 018f 05       		.byte	0x5
 289 0190 66       		.byte	0x66
 290 0191 94000000 		.4byte	0x94
 291 0195 0E       		.uleb128 0xe
 292 0196 00000000 		.4byte	.LASF23
 293 019a 06       		.byte	0x6
 294 019b 26       		.byte	0x26
 295 019c A6010000 		.4byte	0x1a6
 296 01a0 0F       		.uleb128 0xf
ARM GAS  C:\Users\lauri\AppData\Local\Temp\cc4XJagg.s 			page 7


 297 01a1 88000000 		.4byte	0x88
 298 01a5 00       		.byte	0
 299 01a6 0E       		.uleb128 0xe
 300 01a7 3A020000 		.4byte	.LASF24
 301 01ab 07       		.byte	0x7
 302 01ac 76       		.byte	0x76
 303 01ad B7010000 		.4byte	0x1b7
 304 01b1 0F       		.uleb128 0xf
 305 01b2 A0000000 		.4byte	0xa0
 306 01b6 00       		.byte	0
 307 01b7 0D       		.uleb128 0xd
 308 01b8 9D000000 		.4byte	.LASF26
 309 01bc 05       		.byte	0x5
 310 01bd 6C       		.byte	0x6c
 311 01be 0D       		.uleb128 0xd
 312 01bf 81000000 		.4byte	.LASF27
 313 01c3 05       		.byte	0x5
 314 01c4 6B       		.byte	0x6b
 315 01c5 0D       		.uleb128 0xd
 316 01c6 BA010000 		.4byte	.LASF28
 317 01ca 05       		.byte	0x5
 318 01cb 6A       		.byte	0x6a
 319 01cc 00       		.byte	0
 320              		.section	.debug_abbrev,"",%progbits
 321              	.Ldebug_abbrev0:
 322 0000 01       		.uleb128 0x1
 323 0001 11       		.uleb128 0x11
 324 0002 01       		.byte	0x1
 325 0003 25       		.uleb128 0x25
 326 0004 0E       		.uleb128 0xe
 327 0005 13       		.uleb128 0x13
 328 0006 0B       		.uleb128 0xb
 329 0007 03       		.uleb128 0x3
 330 0008 0E       		.uleb128 0xe
 331 0009 1B       		.uleb128 0x1b
 332 000a 0E       		.uleb128 0xe
 333 000b 55       		.uleb128 0x55
 334 000c 17       		.uleb128 0x17
 335 000d 11       		.uleb128 0x11
 336 000e 01       		.uleb128 0x1
 337 000f 10       		.uleb128 0x10
 338 0010 17       		.uleb128 0x17
 339 0011 00       		.byte	0
 340 0012 00       		.byte	0
 341 0013 02       		.uleb128 0x2
 342 0014 24       		.uleb128 0x24
 343 0015 00       		.byte	0
 344 0016 0B       		.uleb128 0xb
 345 0017 0B       		.uleb128 0xb
 346 0018 3E       		.uleb128 0x3e
 347 0019 0B       		.uleb128 0xb
 348 001a 03       		.uleb128 0x3
 349 001b 0E       		.uleb128 0xe
 350 001c 00       		.byte	0
 351 001d 00       		.byte	0
 352 001e 03       		.uleb128 0x3
 353 001f 16       		.uleb128 0x16
ARM GAS  C:\Users\lauri\AppData\Local\Temp\cc4XJagg.s 			page 8


 354 0020 00       		.byte	0
 355 0021 03       		.uleb128 0x3
 356 0022 0E       		.uleb128 0xe
 357 0023 3A       		.uleb128 0x3a
 358 0024 0B       		.uleb128 0xb
 359 0025 3B       		.uleb128 0x3b
 360 0026 0B       		.uleb128 0xb
 361 0027 49       		.uleb128 0x49
 362 0028 13       		.uleb128 0x13
 363 0029 00       		.byte	0
 364 002a 00       		.byte	0
 365 002b 04       		.uleb128 0x4
 366 002c 24       		.uleb128 0x24
 367 002d 00       		.byte	0
 368 002e 0B       		.uleb128 0xb
 369 002f 0B       		.uleb128 0xb
 370 0030 3E       		.uleb128 0x3e
 371 0031 0B       		.uleb128 0xb
 372 0032 03       		.uleb128 0x3
 373 0033 08       		.uleb128 0x8
 374 0034 00       		.byte	0
 375 0035 00       		.byte	0
 376 0036 05       		.uleb128 0x5
 377 0037 16       		.uleb128 0x16
 378 0038 00       		.byte	0
 379 0039 03       		.uleb128 0x3
 380 003a 0E       		.uleb128 0xe
 381 003b 3A       		.uleb128 0x3a
 382 003c 0B       		.uleb128 0xb
 383 003d 3B       		.uleb128 0x3b
 384 003e 05       		.uleb128 0x5
 385 003f 49       		.uleb128 0x49
 386 0040 13       		.uleb128 0x13
 387 0041 00       		.byte	0
 388 0042 00       		.byte	0
 389 0043 06       		.uleb128 0x6
 390 0044 2E       		.uleb128 0x2e
 391 0045 01       		.byte	0x1
 392 0046 3F       		.uleb128 0x3f
 393 0047 19       		.uleb128 0x19
 394 0048 03       		.uleb128 0x3
 395 0049 0E       		.uleb128 0xe
 396 004a 3A       		.uleb128 0x3a
 397 004b 0B       		.uleb128 0xb
 398 004c 3B       		.uleb128 0x3b
 399 004d 0B       		.uleb128 0xb
 400 004e 49       		.uleb128 0x49
 401 004f 13       		.uleb128 0x13
 402 0050 11       		.uleb128 0x11
 403 0051 01       		.uleb128 0x1
 404 0052 12       		.uleb128 0x12
 405 0053 06       		.uleb128 0x6
 406 0054 40       		.uleb128 0x40
 407 0055 18       		.uleb128 0x18
 408 0056 9642     		.uleb128 0x2116
 409 0058 19       		.uleb128 0x19
 410 0059 01       		.uleb128 0x1
ARM GAS  C:\Users\lauri\AppData\Local\Temp\cc4XJagg.s 			page 9


 411 005a 13       		.uleb128 0x13
 412 005b 00       		.byte	0
 413 005c 00       		.byte	0
 414 005d 07       		.uleb128 0x7
 415 005e 34       		.uleb128 0x34
 416 005f 00       		.byte	0
 417 0060 03       		.uleb128 0x3
 418 0061 0E       		.uleb128 0xe
 419 0062 3A       		.uleb128 0x3a
 420 0063 0B       		.uleb128 0xb
 421 0064 3B       		.uleb128 0x3b
 422 0065 0B       		.uleb128 0xb
 423 0066 49       		.uleb128 0x49
 424 0067 13       		.uleb128 0x13
 425 0068 02       		.uleb128 0x2
 426 0069 17       		.uleb128 0x17
 427 006a 00       		.byte	0
 428 006b 00       		.byte	0
 429 006c 08       		.uleb128 0x8
 430 006d 898201   		.uleb128 0x4109
 431 0070 00       		.byte	0
 432 0071 11       		.uleb128 0x11
 433 0072 01       		.uleb128 0x1
 434 0073 31       		.uleb128 0x31
 435 0074 13       		.uleb128 0x13
 436 0075 00       		.byte	0
 437 0076 00       		.byte	0
 438 0077 09       		.uleb128 0x9
 439 0078 898201   		.uleb128 0x4109
 440 007b 01       		.byte	0x1
 441 007c 11       		.uleb128 0x11
 442 007d 01       		.uleb128 0x1
 443 007e 31       		.uleb128 0x31
 444 007f 13       		.uleb128 0x13
 445 0080 01       		.uleb128 0x1
 446 0081 13       		.uleb128 0x13
 447 0082 00       		.byte	0
 448 0083 00       		.byte	0
 449 0084 0A       		.uleb128 0xa
 450 0085 8A8201   		.uleb128 0x410a
 451 0088 00       		.byte	0
 452 0089 02       		.uleb128 0x2
 453 008a 18       		.uleb128 0x18
 454 008b 9142     		.uleb128 0x2111
 455 008d 18       		.uleb128 0x18
 456 008e 00       		.byte	0
 457 008f 00       		.byte	0
 458 0090 0B       		.uleb128 0xb
 459 0091 34       		.uleb128 0x34
 460 0092 00       		.byte	0
 461 0093 03       		.uleb128 0x3
 462 0094 0E       		.uleb128 0xe
 463 0095 3A       		.uleb128 0x3a
 464 0096 0B       		.uleb128 0xb
 465 0097 3B       		.uleb128 0x3b
 466 0098 05       		.uleb128 0x5
 467 0099 49       		.uleb128 0x49
ARM GAS  C:\Users\lauri\AppData\Local\Temp\cc4XJagg.s 			page 10


 468 009a 13       		.uleb128 0x13
 469 009b 3F       		.uleb128 0x3f
 470 009c 19       		.uleb128 0x19
 471 009d 3C       		.uleb128 0x3c
 472 009e 19       		.uleb128 0x19
 473 009f 00       		.byte	0
 474 00a0 00       		.byte	0
 475 00a1 0C       		.uleb128 0xc
 476 00a2 35       		.uleb128 0x35
 477 00a3 00       		.byte	0
 478 00a4 49       		.uleb128 0x49
 479 00a5 13       		.uleb128 0x13
 480 00a6 00       		.byte	0
 481 00a7 00       		.byte	0
 482 00a8 0D       		.uleb128 0xd
 483 00a9 2E       		.uleb128 0x2e
 484 00aa 00       		.byte	0
 485 00ab 3F       		.uleb128 0x3f
 486 00ac 19       		.uleb128 0x19
 487 00ad 03       		.uleb128 0x3
 488 00ae 0E       		.uleb128 0xe
 489 00af 3A       		.uleb128 0x3a
 490 00b0 0B       		.uleb128 0xb
 491 00b1 3B       		.uleb128 0x3b
 492 00b2 0B       		.uleb128 0xb
 493 00b3 27       		.uleb128 0x27
 494 00b4 19       		.uleb128 0x19
 495 00b5 3C       		.uleb128 0x3c
 496 00b6 19       		.uleb128 0x19
 497 00b7 00       		.byte	0
 498 00b8 00       		.byte	0
 499 00b9 0E       		.uleb128 0xe
 500 00ba 2E       		.uleb128 0x2e
 501 00bb 01       		.byte	0x1
 502 00bc 3F       		.uleb128 0x3f
 503 00bd 19       		.uleb128 0x19
 504 00be 03       		.uleb128 0x3
 505 00bf 0E       		.uleb128 0xe
 506 00c0 3A       		.uleb128 0x3a
 507 00c1 0B       		.uleb128 0xb
 508 00c2 3B       		.uleb128 0x3b
 509 00c3 0B       		.uleb128 0xb
 510 00c4 27       		.uleb128 0x27
 511 00c5 19       		.uleb128 0x19
 512 00c6 3C       		.uleb128 0x3c
 513 00c7 19       		.uleb128 0x19
 514 00c8 01       		.uleb128 0x1
 515 00c9 13       		.uleb128 0x13
 516 00ca 00       		.byte	0
 517 00cb 00       		.byte	0
 518 00cc 0F       		.uleb128 0xf
 519 00cd 05       		.uleb128 0x5
 520 00ce 00       		.byte	0
 521 00cf 49       		.uleb128 0x49
 522 00d0 13       		.uleb128 0x13
 523 00d1 00       		.byte	0
 524 00d2 00       		.byte	0
ARM GAS  C:\Users\lauri\AppData\Local\Temp\cc4XJagg.s 			page 11


 525 00d3 10       		.uleb128 0x10
 526 00d4 2E       		.uleb128 0x2e
 527 00d5 00       		.byte	0
 528 00d6 3F       		.uleb128 0x3f
 529 00d7 19       		.uleb128 0x19
 530 00d8 03       		.uleb128 0x3
 531 00d9 0E       		.uleb128 0xe
 532 00da 3A       		.uleb128 0x3a
 533 00db 0B       		.uleb128 0xb
 534 00dc 3B       		.uleb128 0x3b
 535 00dd 0B       		.uleb128 0xb
 536 00de 27       		.uleb128 0x27
 537 00df 19       		.uleb128 0x19
 538 00e0 49       		.uleb128 0x49
 539 00e1 13       		.uleb128 0x13
 540 00e2 3C       		.uleb128 0x3c
 541 00e3 19       		.uleb128 0x19
 542 00e4 00       		.byte	0
 543 00e5 00       		.byte	0
 544 00e6 00       		.byte	0
 545              		.section	.debug_loc,"",%progbits
 546              	.Ldebug_loc0:
 547              	.LLST0:
 548 0000 02000000 		.4byte	.LVL0
 549 0004 0A000000 		.4byte	.LVL2
 550 0008 0600     		.2byte	0x6
 551 000a 9E       		.byte	0x9e
 552 000b 04       		.uleb128 0x4
 553 000c 00000000 		.4byte	0
 554 0010 0A000000 		.4byte	.LVL2
 555 0014 16000000 		.4byte	.LVL4
 556 0018 0100     		.2byte	0x1
 557 001a 54       		.byte	0x54
 558 001b 16000000 		.4byte	.LVL4
 559 001f 18000000 		.4byte	.LVL5
 560 0023 0100     		.2byte	0x1
 561 0025 50       		.byte	0x50
 562 0026 18000000 		.4byte	.LVL5
 563 002a 4E000000 		.4byte	.LFE63
 564 002e 0100     		.2byte	0x1
 565 0030 55       		.byte	0x55
 566 0031 00000000 		.4byte	0
 567 0035 00000000 		.4byte	0
 568              	.LLST1:
 569 0039 02000000 		.4byte	.LVL0
 570 003d 0A000000 		.4byte	.LVL2
 571 0041 0600     		.2byte	0x6
 572 0043 9E       		.byte	0x9e
 573 0044 04       		.uleb128 0x4
 574 0045 00000000 		.4byte	0
 575 0049 30000000 		.4byte	.LVL9
 576 004d 32000000 		.4byte	.LVL10
 577 0051 0700     		.2byte	0x7
 578 0053 70       		.byte	0x70
 579 0054 00       		.sleb128 0
 580 0055 F7       		.byte	0xf7
 581 0056 2C       		.uleb128 0x2c
ARM GAS  C:\Users\lauri\AppData\Local\Temp\cc4XJagg.s 			page 12


 582 0057 F7       		.byte	0xf7
 583 0058 25       		.uleb128 0x25
 584 0059 9F       		.byte	0x9f
 585 005a 00000000 		.4byte	0
 586 005e 00000000 		.4byte	0
 587              		.section	.debug_aranges,"",%progbits
 588 0000 1C000000 		.4byte	0x1c
 589 0004 0200     		.2byte	0x2
 590 0006 00000000 		.4byte	.Ldebug_info0
 591 000a 04       		.byte	0x4
 592 000b 00       		.byte	0
 593 000c 0000     		.2byte	0
 594 000e 0000     		.2byte	0
 595 0010 00000000 		.4byte	.LFB63
 596 0014 4E000000 		.4byte	.LFE63-.LFB63
 597 0018 00000000 		.4byte	0
 598 001c 00000000 		.4byte	0
 599              		.section	.debug_ranges,"",%progbits
 600              	.Ldebug_ranges0:
 601 0000 00000000 		.4byte	.LFB63
 602 0004 4E000000 		.4byte	.LFE63
 603 0008 00000000 		.4byte	0
 604 000c 00000000 		.4byte	0
 605              		.section	.debug_line,"",%progbits
 606              	.Ldebug_line0:
 607 0000 91010000 		.section	.debug_str,"MS",%progbits,1
 607      02006701 
 607      00000201 
 607      FB0E0D00 
 607      01010101 
 608              	.LASF23:
 609 0000 4C45445F 		.ascii	"LED_Write\000"
 609      57726974 
 609      6500
 610              	.LASF25:
 611 000a 5350494D 		.ascii	"SPIM_1_Start\000"
 611      5F315F53 
 611      74617274 
 611      00
 612              	.LASF10:
 613 0017 5F5F696E 		.ascii	"__int32_t\000"
 613      7433325F 
 613      7400
 614              	.LASF20:
 615 0021 5350494D 		.ascii	"SPIM_1_ReadTxStatus\000"
 615      5F315F52 
 615      65616454 
 615      78537461 
 615      74757300 
 616              	.LASF0:
 617 0035 666C6F61 		.ascii	"float\000"
 617      7400
 618              	.LASF3:
 619 003b 756E7369 		.ascii	"unsigned char\000"
 619      676E6564 
 619      20636861 
 619      7200
ARM GAS  C:\Users\lauri\AppData\Local\Temp\cc4XJagg.s 			page 13


 620              	.LASF6:
 621 0049 6C6F6E67 		.ascii	"long unsigned int\000"
 621      20756E73 
 621      69676E65 
 621      6420696E 
 621      7400
 622              	.LASF1:
 623 005b 73686F72 		.ascii	"short unsigned int\000"
 623      7420756E 
 623      7369676E 
 623      65642069 
 623      6E7400
 624              	.LASF18:
 625 006e 5478436D 		.ascii	"TxCmd\000"
 625      6400
 626              	.LASF33:
 627 0074 49544D5F 		.ascii	"ITM_RxBuffer\000"
 627      52784275 
 627      66666572 
 627      00
 628              	.LASF27:
 629 0081 5350494D 		.ascii	"SPIM_1_ClearTxBuffer\000"
 629      5F315F43 
 629      6C656172 
 629      54784275 
 629      66666572 
 630              	.LASF15:
 631 0096 646F7562 		.ascii	"double\000"
 631      6C6500
 632              	.LASF26:
 633 009d 5350494D 		.ascii	"SPIM_1_ClearFIFO\000"
 633      5F315F43 
 633      6C656172 
 633      4649464F 
 633      00
 634              	.LASF13:
 635 00ae 75696E74 		.ascii	"uint16\000"
 635      313600
 636              	.LASF14:
 637 00b5 75696E74 		.ascii	"uint32\000"
 637      333200
 638              	.LASF29:
 639 00bc 474E5520 		.ascii	"GNU C 4.9.3 20150303 (release) [ARM/embedded-4_9-br"
 639      4320342E 
 639      392E3320 
 639      32303135 
 639      30333033 
 640 00ef 616E6368 		.ascii	"anch revision 221220] -mcpu=cortex-m3 -mthumb -g -O"
 640      20726576 
 640      6973696F 
 640      6E203232 
 640      31323230 
 641 0122 67202D66 		.ascii	"g -ffunction-sections -ffat-lto-objects\000"
 641      66756E63 
 641      74696F6E 
 641      2D736563 
 641      74696F6E 
ARM GAS  C:\Users\lauri\AppData\Local\Temp\cc4XJagg.s 			page 14


 642              	.LASF9:
 643 014a 756E7369 		.ascii	"unsigned int\000"
 643      676E6564 
 643      20696E74 
 643      00
 644              	.LASF8:
 645 0157 6C6F6E67 		.ascii	"long long unsigned int\000"
 645      206C6F6E 
 645      6720756E 
 645      7369676E 
 645      65642069 
 646              	.LASF32:
 647 016e 6D61696E 		.ascii	"main\000"
 647      00
 648              	.LASF11:
 649 0173 696E7433 		.ascii	"int32_t\000"
 649      325F7400 
 650              	.LASF17:
 651 017b 73697A65 		.ascii	"sizetype\000"
 651      74797065 
 651      00
 652              	.LASF7:
 653 0184 6C6F6E67 		.ascii	"long long int\000"
 653      206C6F6E 
 653      6720696E 
 653      7400
 654              	.LASF30:
 655 0192 6D61696E 		.ascii	"main.c\000"
 655      2E6300
 656              	.LASF16:
 657 0199 63686172 		.ascii	"char\000"
 657      00
 658              	.LASF21:
 659 019e 5350494D 		.ascii	"SPIM_1_ReadRxData\000"
 659      5F315F52 
 659      65616452 
 659      78446174 
 659      6100
 660              	.LASF4:
 661 01b0 73686F72 		.ascii	"short int\000"
 661      7420696E 
 661      7400
 662              	.LASF28:
 663 01ba 5350494D 		.ascii	"SPIM_1_ClearRxBuffer\000"
 663      5F315F43 
 663      6C656172 
 663      52784275 
 663      66666572 
 664              	.LASF31:
 665 01cf 433A5C55 		.ascii	"C:\\Users\\lauri\\Documents\\PSoC Creator\\SPI\\Mas"
 665      73657273 
 665      5C6C6175 
 665      72695C44 
 665      6F63756D 
 666 01fc 7465722E 		.ascii	"ter.cydsn\000"
 666      63796473 
 666      6E00
ARM GAS  C:\Users\lauri\AppData\Local\Temp\cc4XJagg.s 			page 15


 667              	.LASF12:
 668 0206 75696E74 		.ascii	"uint8\000"
 668      3800
 669              	.LASF5:
 670 020c 6C6F6E67 		.ascii	"long int\000"
 670      20696E74 
 670      00
 671              	.LASF19:
 672 0215 5278436D 		.ascii	"RxCmd\000"
 672      6400
 673              	.LASF2:
 674 021b 7369676E 		.ascii	"signed char\000"
 674      65642063 
 674      68617200 
 675              	.LASF22:
 676 0227 5350494D 		.ascii	"SPIM_1_WriteTxData\000"
 676      5F315F57 
 676      72697465 
 676      54784461 
 676      746100
 677              	.LASF24:
 678 023a 43794465 		.ascii	"CyDelay\000"
 678      6C617900 
 679              		.ident	"GCC: (GNU Tools for ARM Embedded Processors) 4.9.3 20150303 (release) [ARM/embedded-4_9-br
